3 216 36 45
3 167 33 291
3 0 179 112
3 180 65 181
3 116 32 219
3 296 230 35
3 168 174 199
3 54 234 20
3 34 282 255
3 108 29 238
3 85 214 265
3 275 128 196
3 87 221 223
3 41 284 31
3 184 102 266
3 164 28 242
3 249 241 250
3 99 244 292
3 212 172 78
3 110 40 264
3 88 204 106
3 75 217 51
3 103 146 12
3 80 239 289
3 72 121 115
3 4 222 152
3 8 202 55
3 7 185 155
3 294 14 141
3 148 64 59
3 134 122 182
3 162 271 67
3 259 82 104
3 159 50 145
3 286 68 192
3 246 157 142
3 299 254 71
3 203 295 43
3 24 111 176
3 133 158 280
3 210 26 154
3 62 268 228
3 161 243 66
3 127 207 252
3 13 209 100
3 260 236 215
3 276 11 17
3 136 3 288
3 220 27 297
3 92 86 30
3 95 258 120
3 58 170 126
3 137 89 256
3 290 253 206
3 227 191 251
3 193 61 262
3 15 163 47
3 218 177 231
3 273 298 279
3 150 160 186
3 285 117 97
3 225 109 233
3 107 197 229
3 74 73 272
3 144 195 143
3 56 237 37
3 105 22 240
3 18 23 1
3 171 114 194
3 187 140 270
3 263 48 135
3 38 6 69
3 63 147 46
3 125 269 94
3 156 190 123
3 261 76 293
3 60 42 189
3 200 90 208
3 57 101 178
3 19 283 49
3 198 25 84
3 213 10 153
3 267 93 278
3 44 235 173
3 129 70 9
3 79 131 77
3 245 119 52
3 226 201 257
3 21 83 211
3 113 118 151
3 224 287 247
3 91 138 149
3 232 5 169
3 166 81 132
3 96 98 274
3 188 16 175
3 39 139 2
3 53 124 165
3 277 205 183
3 281 248 130
